commit 8dbcd76d5dfd592441ecfffd3dfac3b3aa98e9c0
Author: NasserDos <nasserbinshabeeb@mail.weber.edu>
Date:   Tue Apr 25 20:26:58 2017 -0600

    Golang script complete

commit 82eff4134fd21f91b656625a94a6b49b02d02bb0
Author: NasserDos <nasserbinshabeeb@mail.weber.edu>
Date:   Tue Apr 25 13:08:57 2017 -0600

    completed Go file struct

commit bf80fb58ce2cc8a1411441d530a06c34f20b7b09
Author: NasserDos <nasserbinshabeeb@mail.weber.edu>
Date:   Tue Apr 25 12:28:26 2017 -0600

    Perl script 100% compltete

commit 0f3dd780ad6df3822d386b76bfbdecc163099f0e
Author: NasserDos <nasserbinshabeeb@mail.weber.edu>
Date:   Mon Apr 24 08:53:11 2017 -0600

    Almost finished Perl

commit 0bc2416e9d48d31d9c4b6e11b757b87f2c3b1025
Author: NasserDos <nasserbinshabeeb@mail.weber.edu>
Date:   Sun Apr 2 21:19:47 2017 -0600

    Initial commit

commit c2e2e9083d043cef8494dd34c8420e1614f87310
Author: NasserDos <nasserbinshabeeb@mail.weber.edu>
Date:   Sun Apr 2 21:15:38 2017 -0600

    Delete LICENSE

commit 51bbec27ee648ee2265b909165a10f65a9630129
Author: NasserDos <nasserbinshabeeb@mail.weber.edu>
Date:   Sun Apr 2 21:14:53 2017 -0600

    Initial commit
